FUNCTION add : 
PARAM temp
t3 := temp
t4 := #0
t5 := t4 * #4
t1 := t3 + t5
t1 := *t1
t6 := temp
t7 := #1
t8 := t7 * #4
t2 := t6 + t8
t2 := *t2
t0 := t1 + t2
RETURN t0
FUNCTION main : 
DEC op 8
DEC r 8
i := #0
j := #0
LABEL l0 : 
t9 := i
t10 := #2
IF t9 < t10 GOTO l1
GOTO l2
LABEL l1 : 
LABEL l3 : 
t11 := j
t12 := #2
IF t11 < t12 GOTO l4
GOTO l5
LABEL l4 : 
t15 := &op
t16 := j
t17 := t16 * #4
t14 := t15 + t17
t18 := i
t19 := j
t13 := t18 + t19
*t14 := t13
t21 := j
t22 := #1
t20 := t21 + t22
j := t20
GOTO l3
LABEL l5 : 
GOTO l0
LABEL l2 : 
t23 := #0
RETURN t23
